This file contains any messages produced by compilers while
running configure, to aid debugging if configure makes a mistake.

It was created by Phidget21 C Examples configure 2.1.8.20151217, which was
generated by GNU Autoconf 2.69.  Invocation command line was

  $ ./configure 

## --------- ##
## Platform. ##
## --------- ##

hostname = mike-N501VW
uname -m = x86_64
uname -r = 5.8.0-50-generic
uname -s = Linux
uname -v = #56~20.04.1-Ubuntu SMP Mon Apr 12 21:46:35 UTC 2021

/usr/bin/uname -p = x86_64
/bin/uname -X     = unknown

/bin/arch              = x86_64
/usr/bin/arch -k       = unknown
/usr/convex/getsysinfo = unknown
/usr/bin/hostinfo      = unknown
/bin/machine           = unknown
/usr/bin/oslevel       = unknown
/bin/universe          = unknown

PATH: /home/mike/gn
PATH: /home/mike/anaconda3/condabin
PATH: /opt/ros/noetic/bin
PATH: /home/mike/.local/bin
PATH: /usr/local/sbin
PATH: /usr/local/bin
PATH: /usr/sbin
PATH: /usr/bin
PATH: /sbin
PATH: /bin
PATH: /usr/games
PATH: /usr/local/games
PATH: /snap/bin


## ----------- ##
## Core tests. ##
## ----------- ##

configure:2131: checking for a BSD-compatible install
configure:2199: result: /usr/bin/install -c
configure:2210: checking whether build environment is sane
configure:2265: result: yes
configure:2414: checking for a thread-safe mkdir -p
configure:2453: result: /usr/bin/mkdir -p
configure:2460: checking for gawk
configure:2490: result: no
configure:2460: checking for mawk
configure:2476: found /usr/bin/mawk
configure:2487: result: mawk
configure:2498: checking whether make sets $(MAKE)
configure:2520: result: yes
configure:2549: checking whether make supports nested variables
configure:2566: result: yes
configure:2697: checking build system type
configure:2711: result: x86_64-unknown-linux-gnu
configure:2731: checking host system type
configure:2744: result: x86_64-unknown-linux-gnu
configure:2814: checking for gcc
configure:2830: found /usr/bin/gcc
configure:2841: result: gcc
configure:3070: checking for C compiler version
configure:3079: gcc --version >&5
gcc (Ubuntu 9.3.0-17ubuntu1~20.04) 9.3.0
Copyright (C) 2019 Free Software Foundation, Inc.
This is free software; see the source for copying conditions.  There is NO
warranty; not even for MERCHANTABILITY or FITNESS FOR A PARTICULAR PURPOSE.

configure:3090: $? = 0
configure:3079: gcc -v >&5
Using built-in specs.
COLLECT_GCC=gcc
COLLECT_LTO_WRAPPER=/usr/lib/gcc/x86_64-linux-gnu/9/lto-wrapper
OFFLOAD_TARGET_NAMES=nvptx-none:hsa
OFFLOAD_TARGET_DEFAULT=1
Target: x86_64-linux-gnu
Configured with: ../src/configure -v --with-pkgversion='Ubuntu 9.3.0-17ubuntu1~20.04' --with-bugurl=file:///usr/share/doc/gcc-9/README.Bugs --enable-languages=c,ada,c++,go,brig,d,fortran,objc,obj-c++,gm2 --prefix=/usr --with-gcc-major-version-only --program-suffix=-9 --program-prefix=x86_64-linux-gnu- --enable-shared --enable-linker-build-id --libexecdir=/usr/lib --without-included-gettext --enable-threads=posix --libdir=/usr/lib --enable-nls --enable-clocale=gnu --enable-libstdcxx-debug --enable-libstdcxx-time=yes --with-default-libstdcxx-abi=new --enable-gnu-unique-object --disable-vtable-verify --enable-plugin --enable-default-pie --with-system-zlib --with-target-system-zlib=auto --enable-objc-gc=auto --enable-multiarch --disable-werror --with-arch-32=i686 --with-abi=m64 --with-multilib-list=m32,m64,mx32 --enable-multilib --with-tune=generic --enable-offload-targets=nvptx-none=/build/gcc-9-HskZEa/gcc-9-9.3.0/debian/tmp-nvptx/usr,hsa --without-cuda-driver --enable-checking=release --build=x86_64-linux-gnu --host=x86_64-linux-gnu --target=x86_64-linux-gnu
Thread model: posix
gcc version 9.3.0 (Ubuntu 9.3.0-17ubuntu1~20.04) 
configure:3090: $? = 0
configure:3079: gcc -V >&5
gcc: error: unrecognized command line option '-V'
gcc: fatal error: no input files
compilation terminated.
configure:3090: $? = 1
configure:3079: gcc -qversion >&5
gcc: error: unrecognized command line option '-qversion'; did you mean '--version'?
gcc: fatal error: no input files
compilation terminated.
configure:3090: $? = 1
configure:3110: checking whether the C compiler works
configure:3132: gcc    conftest.c  >&5
configure:3136: $? = 0
configure:3184: result: yes
configure:3187: checking for C compiler default output file name
configure:3189: result: a.out
configure:3195: checking for suffix of executables
configure:3202: gcc -o conftest    conftest.c  >&5
configure:3206: $? = 0
configure:3228: result: 
configure:3250: checking whether we are cross compiling
configure:3258: gcc -o conftest    conftest.c  >&5
configure:3262: $? = 0
configure:3269: ./conftest
configure:3273: $? = 0
configure:3261: result: no
configure:3266: checking for suffix of object files
configure:3288: gcc -c   conftest.c >&5
configure:3292: $? = 0
configure:3313: result: o
configure:3317: checking whether we are using the GNU C compiler
configure:3336: gcc -c   conftest.c >&5
configure:3336: $? = 0
configure:3345: result: yes
configure:3354: checking whether gcc accepts -g
configure:3374: gcc -c -g  conftest.c >&5
configure:3374: $? = 0
configure:3415: result: yes
configure:3432: checking for gcc option to accept ISO C89
configure:3495: gcc  -c -g -O2  conftest.c >&5
configure:3495: $? = 0
configure:3508: result: none needed
configure:3533: checking whether gcc understands -c and -o together
configure:3555: gcc -c conftest.c -o conftest2.o
configure:3558: $? = 0
configure:3555: gcc -c conftest.c -o conftest2.o
configure:3558: $? = 0
configure:3570: result: yes
configure:3598: checking for style of include used by make
configure:3626: result: GNU
configure:3652: checking dependency style of gcc
configure:3763: result: gcc3
configure:3783: checking for CPhidget_getLibraryVersion in -lphidget21
configure:3808: gcc -o conftest -g -O2   conftest.c -lphidget21   >&5
configure:3808: $? = 0
configure:3817: result: yes
configure:3838: checking how to run the C preprocessor
configure:3869: gcc -E  conftest.c
configure:3869: $? = 0
configure:3883: gcc -E  conftest.c
conftest.c:12:10: fatal error: ac_nonexistent.h: No such file or directory
   12 | #include <ac_nonexistent.h>
      |          ^~~~~~~~~~~~~~~~~~
compilation terminated.
configure:3883: $? = 1
configure: failed program was:
| /* confdefs.h */
| #define PACKAGE_NAME "Phidget21 C Examples"
| #define PACKAGE_TARNAME "phidget21-c-examples"
| #define PACKAGE_VERSION "2.1.8.20151217"
| #define PACKAGE_STRING "Phidget21 C Examples 2.1.8.20151217"
| #define PACKAGE_BUGREPORT "support@phidgets.com"
| #define PACKAGE_URL ""
| #define PACKAGE "phidget21-c-examples"
| #define VERSION "2.1.8.20151217"
| #define HAVE_LIBPHIDGET21 1
| /* end confdefs.h.  */
| #include <ac_nonexistent.h>
configure:3908: result: gcc -E
configure:3928: gcc -E  conftest.c
configure:3928: $? = 0
configure:3942: gcc -E  conftest.c
conftest.c:12:10: fatal error: ac_nonexistent.h: No such file or directory
   12 | #include <ac_nonexistent.h>
      |          ^~~~~~~~~~~~~~~~~~
compilation terminated.
configure:3942: $? = 1
configure: failed program was:
| /* confdefs.h */
| #define PACKAGE_NAME "Phidget21 C Examples"
| #define PACKAGE_TARNAME "phidget21-c-examples"
| #define PACKAGE_VERSION "2.1.8.20151217"
| #define PACKAGE_STRING "Phidget21 C Examples 2.1.8.20151217"
| #define PACKAGE_BUGREPORT "support@phidgets.com"
| #define PACKAGE_URL ""
| #define PACKAGE "phidget21-c-examples"
| #define VERSION "2.1.8.20151217"
| #define HAVE_LIBPHIDGET21 1
| /* end confdefs.h.  */
| #include <ac_nonexistent.h>
configure:3971: checking for grep that handles long lines and -e
configure:4029: result: /usr/bin/grep
configure:4034: checking for egrep
configure:4096: result: /usr/bin/grep -E
configure:4101: checking for ANSI C header files
configure:4121: gcc -c -g -O2  conftest.c >&5
configure:4121: $? = 0
configure:4194: gcc -o conftest -g -O2   conftest.c -lphidget21  >&5
configure:4194: $? = 0
configure:4194: ./conftest
configure:4194: $? = 0
configure:4205: result: yes
configure:4218: checking for sys/types.h
configure:4218: gcc -c -g -O2  conftest.c >&5
configure:4218: $? = 0
configure:4218: result: yes
configure:4218: checking for sys/stat.h
configure:4218: gcc -c -g -O2  conftest.c >&5
configure:4218: $? = 0
configure:4218: result: yes
configure:4218: checking for stdlib.h
configure:4218: gcc -c -g -O2  conftest.c >&5
configure:4218: $? = 0
configure:4218: result: yes
configure:4218: checking for string.h
configure:4218: gcc -c -g -O2  conftest.c >&5
configure:4218: $? = 0
configure:4218: result: yes
configure:4218: checking for memory.h
configure:4218: gcc -c -g -O2  conftest.c >&5
configure:4218: $? = 0
configure:4218: result: yes
configure:4218: checking for strings.h
configure:4218: gcc -c -g -O2  conftest.c >&5
configure:4218: $? = 0
configure:4218: result: yes
configure:4218: checking for inttypes.h
configure:4218: gcc -c -g -O2  conftest.c >&5
configure:4218: $? = 0
configure:4218: result: yes
configure:4218: checking for stdint.h
configure:4218: gcc -c -g -O2  conftest.c >&5
configure:4218: $? = 0
configure:4218: result: yes
configure:4218: checking for unistd.h
configure:4218: gcc -c -g -O2  conftest.c >&5
configure:4218: $? = 0
configure:4218: result: yes
configure:4232: checking for unistd.h
configure:4232: result: yes
configure:4247: checking phidget21.h usability
configure:4247: gcc -c -g -O2  conftest.c >&5
configure:4247: $? = 0
configure:4247: result: yes
configure:4247: checking phidget21.h presence
configure:4247: gcc -E  conftest.c
configure:4247: $? = 0
configure:4247: result: yes
configure:4247: checking for phidget21.h
configure:4247: result: yes
configure:4262: checking for an ANSI C-conforming const
configure:4328: gcc -c -g -O2  conftest.c >&5
configure:4328: $? = 0
configure:4335: result: yes
configure:4447: checking that generated files are newer than configure
configure:4453: result: done
configure:4476: creating ./config.status

## ---------------------- ##
## Running config.status. ##
## ---------------------- ##

This file was extended by Phidget21 C Examples config.status 2.1.8.20151217, which was
generated by GNU Autoconf 2.69.  Invocation command line was

  CONFIG_FILES    = 
  CONFIG_HEADERS  = 
  CONFIG_LINKS    = 
  CONFIG_COMMANDS = 
  $ ./config.status 

on mike-N501VW

config.status:861: creating Makefile
config.status:861: creating config.h
config.status:1090: executing depfiles commands

## ---------------- ##
## Cache variables. ##
## ---------------- ##

ac_cv_build=x86_64-unknown-linux-gnu
ac_cv_c_compiler_gnu=yes
ac_cv_c_const=yes
ac_cv_env_CC_set=
ac_cv_env_CC_value=
ac_cv_env_CFLAGS_set=
ac_cv_env_CFLAGS_value=
ac_cv_env_CPPFLAGS_set=
ac_cv_env_CPPFLAGS_value=
ac_cv_env_CPP_set=
ac_cv_env_CPP_value=
ac_cv_env_LDFLAGS_set=
ac_cv_env_LDFLAGS_value=
ac_cv_env_LIBS_set=
ac_cv_env_LIBS_value=
ac_cv_env_build_alias_set=
ac_cv_env_build_alias_value=
ac_cv_env_host_alias_set=
ac_cv_env_host_alias_value=
ac_cv_env_target_alias_set=
ac_cv_env_target_alias_value=
ac_cv_header_inttypes_h=yes
ac_cv_header_memory_h=yes
ac_cv_header_phidget21_h=yes
ac_cv_header_stdc=yes
ac_cv_header_stdint_h=yes
ac_cv_header_stdlib_h=yes
ac_cv_header_string_h=yes
ac_cv_header_strings_h=yes
ac_cv_header_sys_stat_h=yes
ac_cv_header_sys_types_h=yes
ac_cv_header_unistd_h=yes
ac_cv_host=x86_64-unknown-linux-gnu
ac_cv_lib_phidget21_CPhidget_getLibraryVersion=yes
ac_cv_objext=o
ac_cv_path_EGREP='/usr/bin/grep -E'
ac_cv_path_GREP=/usr/bin/grep
ac_cv_path_install='/usr/bin/install -c'
ac_cv_path_mkdir=/usr/bin/mkdir
ac_cv_prog_AWK=mawk
ac_cv_prog_CPP='gcc -E'
ac_cv_prog_ac_ct_CC=gcc
ac_cv_prog_cc_c89=
ac_cv_prog_cc_g=yes
ac_cv_prog_make_make_set=yes
am_cv_CC_dependencies_compiler_type=gcc3
am_cv_make_support_nested_variables=yes
am_cv_prog_cc_c_o=yes

## ----------------- ##
## Output variables. ##
## ----------------- ##

ACLOCAL='${SHELL} /home/mike/catkin_ws/src/pedometer/phidget21-c-examples-2.1.8.20151217/missing aclocal-1.14'
AMDEPBACKSLASH='\'
AMDEP_FALSE='#'
AMDEP_TRUE=''
AMTAR='$${TAR-tar}'
AM_BACKSLASH='\'
AM_DEFAULT_V='$(AM_DEFAULT_VERBOSITY)'
AM_DEFAULT_VERBOSITY='1'
AM_V='$(V)'
AUTOCONF='${SHELL} /home/mike/catkin_ws/src/pedometer/phidget21-c-examples-2.1.8.20151217/missing autoconf'
AUTOHEADER='${SHELL} /home/mike/catkin_ws/src/pedometer/phidget21-c-examples-2.1.8.20151217/missing autoheader'
AUTOMAKE='${SHELL} /home/mike/catkin_ws/src/pedometer/phidget21-c-examples-2.1.8.20151217/missing automake-1.14'
AWK='mawk'
CC='gcc'
CCDEPMODE='depmode=gcc3'
CFLAGS='-g -O2'
CPP='gcc -E'
CPPFLAGS=''
CYGPATH_W='echo'
DEFS='-DHAVE_CONFIG_H'
DEPDIR='.deps'
ECHO_C=''
ECHO_N='-n'
ECHO_T=''
EGREP='/usr/bin/grep -E'
EXEEXT=''
EXTRA_CFLAGS=''
EXTRA_LDFLAGS=''
GREP='/usr/bin/grep'
INSTALL_DATA='${INSTALL} -m 644'
INSTALL_PROGRAM='${INSTALL}'
INSTALL_SCRIPT='${INSTALL}'
INSTALL_STRIP_PROGRAM='$(install_sh) -c -s'
LDFLAGS=''
LIBOBJS=''
LIBS='-lphidget21 '
LTLIBOBJS=''
MAKEINFO='${SHELL} /home/mike/catkin_ws/src/pedometer/phidget21-c-examples-2.1.8.20151217/missing makeinfo'
MKDIR_P='/usr/bin/mkdir -p'
OBJEXT='o'
PACKAGE='phidget21-c-examples'
PACKAGE_BUGREPORT='support@phidgets.com'
PACKAGE_NAME='Phidget21 C Examples'
PACKAGE_STRING='Phidget21 C Examples 2.1.8.20151217'
PACKAGE_TARNAME='phidget21-c-examples'
PACKAGE_URL=''
PACKAGE_VERSION='2.1.8.20151217'
PATH_SEPARATOR=':'
SET_MAKE=''
SHELL='/bin/bash'
STRIP=''
VERSION='2.1.8.20151217'
ac_ct_CC='gcc'
am__EXEEXT_FALSE=''
am__EXEEXT_TRUE='#'
am__fastdepCC_FALSE='#'
am__fastdepCC_TRUE=''
am__include='include'
am__isrc=''
am__leading_dot='.'
am__nodep='_no'
am__quote=''
am__tar='$${TAR-tar} chof - "$$tardir"'
am__untar='$${TAR-tar} xf -'
bindir='${exec_prefix}/bin'
build='x86_64-unknown-linux-gnu'
build_alias=''
build_cpu='x86_64'
build_os='linux-gnu'
build_vendor='unknown'
datadir='${datarootdir}'
datarootdir='${prefix}/share'
docdir='${datarootdir}/doc/${PACKAGE_TARNAME}'
dvidir='${docdir}'
exec_prefix='${prefix}'
host='x86_64-unknown-linux-gnu'
host_alias=''
host_cpu='x86_64'
host_os='linux-gnu'
host_vendor='unknown'
htmldir='${docdir}'
includedir='${prefix}/include'
infodir='${datarootdir}/info'
install_sh='${SHELL} /home/mike/catkin_ws/src/pedometer/phidget21-c-examples-2.1.8.20151217/install-sh'
libdir='${exec_prefix}/lib'
libexecdir='${exec_prefix}/libexec'
localedir='${datarootdir}/locale'
localstatedir='${prefix}/var'
mandir='${datarootdir}/man'
mkdir_p='$(MKDIR_P)'
oldincludedir='/usr/include'
pdfdir='${docdir}'
prefix='/usr/local'
program_transform_name='s,x,x,'
psdir='${docdir}'
sbindir='${exec_prefix}/sbin'
sharedstatedir='${prefix}/com'
sysconfdir='${prefix}/etc'
target_alias=''

## ----------- ##
## confdefs.h. ##
## ----------- ##

/* confdefs.h */
#define PACKAGE_NAME "Phidget21 C Examples"
#define PACKAGE_TARNAME "phidget21-c-examples"
#define PACKAGE_VERSION "2.1.8.20151217"
#define PACKAGE_STRING "Phidget21 C Examples 2.1.8.20151217"
#define PACKAGE_BUGREPORT "support@phidgets.com"
#define PACKAGE_URL ""
#define PACKAGE "phidget21-c-examples"
#define VERSION "2.1.8.20151217"
#define HAVE_LIBPHIDGET21 1
#define STDC_HEADERS 1
#define HAVE_SYS_TYPES_H 1
#define HAVE_SYS_STAT_H 1
#define HAVE_STDLIB_H 1
#define HAVE_STRING_H 1
#define HAVE_MEMORY_H 1
#define HAVE_STRINGS_H 1
#define HAVE_INTTYPES_H 1
#define HAVE_STDINT_H 1
#define HAVE_UNISTD_H 1
#define HAVE_UNISTD_H 1
#define HAVE_PHIDGET21_H 1

configure: exit 0
