This file contains any messages produced by compilers while
running configure, to aid debugging if configure makes a mistake.

It was created by Phidget21 C Library configure 2.1.8.20151217, which was
generated by GNU Autoconf 2.69.  Invocation command line was

  $ ./configure 

## --------- ##
## Platform. ##
## --------- ##

hostname = mike-N501VW
uname -m = x86_64
uname -r = 5.8.0-50-generic
uname -s = Linux
uname -v = #56~20.04.1-Ubuntu SMP Mon Apr 12 21:46:35 UTC 2021

/usr/bin/uname -p = x86_64
/bin/uname -X     = unknown

/bin/arch              = x86_64
/usr/bin/arch -k       = unknown
/usr/convex/getsysinfo = unknown
/usr/bin/hostinfo      = unknown
/bin/machine           = unknown
/usr/bin/oslevel       = unknown
/bin/universe          = unknown

PATH: /home/mike/gn
PATH: /home/mike/anaconda3/condabin
PATH: /opt/ros/noetic/bin
PATH: /home/mike/.local/bin
PATH: /usr/local/sbin
PATH: /usr/local/bin
PATH: /usr/sbin
PATH: /usr/bin
PATH: /sbin
PATH: /bin
PATH: /usr/games
PATH: /usr/local/games
PATH: /snap/bin


## ----------- ##
## Core tests. ##
## ----------- ##

configure:2206: checking for a BSD-compatible install
configure:2274: result: /usr/bin/install -c
configure:2285: checking whether build environment is sane
configure:2340: result: yes
configure:2489: checking for a thread-safe mkdir -p
configure:2528: result: /usr/bin/mkdir -p
configure:2535: checking for gawk
configure:2565: result: no
configure:2535: checking for mawk
configure:2551: found /usr/bin/mawk
configure:2562: result: mawk
configure:2573: checking whether make sets $(MAKE)
configure:2595: result: yes
configure:2624: checking whether make supports nested variables
configure:2641: result: yes
configure:2797: checking build system type
configure:2811: result: x86_64-unknown-linux-gnu
configure:2831: checking host system type
configure:2844: result: x86_64-unknown-linux-gnu
configure:2885: checking how to print strings
configure:2912: result: printf
configure:2937: checking whether make supports the include directive
configure:2952: make -f confmf.GNU && cat confinc.out
this is the am__doit target
configure:2955: $? = 0
configure:2974: result: yes (GNU style)
configure:3044: checking for gcc
configure:3060: found /usr/bin/gcc
configure:3071: result: gcc
configure:3300: checking for C compiler version
configure:3309: gcc --version >&5
gcc (Ubuntu 9.3.0-17ubuntu1~20.04) 9.3.0
Copyright (C) 2019 Free Software Foundation, Inc.
This is free software; see the source for copying conditions.  There is NO
warranty; not even for MERCHANTABILITY or FITNESS FOR A PARTICULAR PURPOSE.

configure:3320: $? = 0
configure:3309: gcc -v >&5
Using built-in specs.
COLLECT_GCC=gcc
COLLECT_LTO_WRAPPER=/usr/lib/gcc/x86_64-linux-gnu/9/lto-wrapper
OFFLOAD_TARGET_NAMES=nvptx-none:hsa
OFFLOAD_TARGET_DEFAULT=1
Target: x86_64-linux-gnu
Configured with: ../src/configure -v --with-pkgversion='Ubuntu 9.3.0-17ubuntu1~20.04' --with-bugurl=file:///usr/share/doc/gcc-9/README.Bugs --enable-languages=c,ada,c++,go,brig,d,fortran,objc,obj-c++,gm2 --prefix=/usr --with-gcc-major-version-only --program-suffix=-9 --program-prefix=x86_64-linux-gnu- --enable-shared --enable-linker-build-id --libexecdir=/usr/lib --without-included-gettext --enable-threads=posix --libdir=/usr/lib --enable-nls --enable-clocale=gnu --enable-libstdcxx-debug --enable-libstdcxx-time=yes --with-default-libstdcxx-abi=new --enable-gnu-unique-object --disable-vtable-verify --enable-plugin --enable-default-pie --with-system-zlib --with-target-system-zlib=auto --enable-objc-gc=auto --enable-multiarch --disable-werror --with-arch-32=i686 --with-abi=m64 --with-multilib-list=m32,m64,mx32 --enable-multilib --with-tune=generic --enable-offload-targets=nvptx-none=/build/gcc-9-HskZEa/gcc-9-9.3.0/debian/tmp-nvptx/usr,hsa --without-cuda-driver --enable-checking=release --build=x86_64-linux-gnu --host=x86_64-linux-gnu --target=x86_64-linux-gnu
Thread model: posix
gcc version 9.3.0 (Ubuntu 9.3.0-17ubuntu1~20.04) 
configure:3320: $? = 0
configure:3309: gcc -V >&5
gcc: error: unrecognized command line option '-V'
gcc: fatal error: no input files
compilation terminated.
configure:3320: $? = 1
configure:3309: gcc -qversion >&5
gcc: error: unrecognized command line option '-qversion'; did you mean '--version'?
gcc: fatal error: no input files
compilation terminated.
configure:3320: $? = 1
configure:3340: checking whether the C compiler works
configure:3362: gcc    conftest.c  >&5
configure:3366: $? = 0
configure:3414: result: yes
configure:3417: checking for C compiler default output file name
configure:3419: result: a.out
configure:3425: checking for suffix of executables
configure:3432: gcc -o conftest    conftest.c  >&5
configure:3436: $? = 0
configure:3458: result: 
configure:3480: checking whether we are cross compiling
configure:3488: gcc -o conftest    conftest.c  >&5
configure:3492: $? = 0
configure:3499: ./conftest
configure:3503: $? = 0
configure:3491: result: no
configure:3496: checking for suffix of object files
configure:3518: gcc -c   conftest.c >&5
configure:3522: $? = 0
configure:3543: result: o
configure:3547: checking whether we are using the GNU C compiler
configure:3566: gcc -c   conftest.c >&5
configure:3566: $? = 0
configure:3575: result: yes
configure:3584: checking whether gcc accepts -g
configure:3604: gcc -c -g  conftest.c >&5
configure:3604: $? = 0
configure:3645: result: yes
configure:3662: checking for gcc option to accept ISO C89
configure:3725: gcc  -c -g -O2  conftest.c >&5
configure:3725: $? = 0
configure:3738: result: none needed
configure:3763: checking whether gcc understands -c and -o together
configure:3785: gcc -c conftest.c -o conftest2.o
configure:3788: $? = 0
configure:3785: gcc -c conftest.c -o conftest2.o
configure:3788: $? = 0
configure:3800: result: yes
configure:3819: checking dependency style of gcc
configure:3930: result: gcc3
configure:3945: checking for a sed that does not truncate output
configure:4009: result: /usr/bin/sed
configure:4027: checking for grep that handles long lines and -e
configure:4085: result: /usr/bin/grep
configure:4090: checking for egrep
configure:4152: result: /usr/bin/grep -E
configure:4157: checking for fgrep
configure:4219: result: /usr/bin/grep -F
configure:4254: checking for ld used by gcc
configure:4321: result: /usr/bin/ld
configure:4328: checking if the linker (/usr/bin/ld) is GNU ld
configure:4343: result: yes
configure:4355: checking for BSD- or MS-compatible name lister (nm)
configure:4404: result: /usr/bin/nm -B
configure:4534: checking the name lister (/usr/bin/nm -B) interface
configure:4541: gcc -c -g -O2  conftest.c >&5
configure:4544: /usr/bin/nm -B "conftest.o"
configure:4547: output
0000000000000000 B some_variable
configure:4548: result: BSD nm
configure:4551: checking whether ln -s works
configure:4555: result: yes
configure:4563: checking the maximum length of command line arguments
configure:4694: result: 1572864
configure:4711: checking whether the shell understands some XSI constructs
configure:4720: result: yes
configure:4724: checking whether the shell understands "+="
configure:4728: result: yes
configure:4763: checking how to convert x86_64-unknown-linux-gnu file names to x86_64-unknown-linux-gnu format
configure:4803: result: func_convert_file_noop
configure:4810: checking how to convert x86_64-unknown-linux-gnu file names to toolchain format
configure:4830: result: func_convert_file_noop
configure:4837: checking for /usr/bin/ld option to reload object files
configure:4844: result: -r
configure:4918: checking for objdump
configure:4934: found /usr/bin/objdump
configure:4945: result: objdump
configure:4977: checking how to recognize dependent libraries
configure:5175: result: pass_all
configure:5260: checking for dlltool
configure:5290: result: no
configure:5320: checking how to associate runtime and link libraries
configure:5347: result: printf %s\n
configure:5408: checking for ar
configure:5424: found /usr/bin/ar
configure:5435: result: ar
configure:5472: checking for archiver @FILE support
configure:5489: gcc -c -g -O2  conftest.c >&5
configure:5489: $? = 0
configure:5492: ar cru libconftest.a @conftest.lst >&5
ar: `u' modifier ignored since `D' is the default (see `U')
configure:5495: $? = 0
configure:5500: ar cru libconftest.a @conftest.lst >&5
ar: `u' modifier ignored since `D' is the default (see `U')
ar: conftest.o: No such file or directory
configure:5503: $? = 1
configure:5502: result: @
configure:5560: checking for strip
configure:5576: found /usr/bin/strip
configure:5587: result: strip
configure:5659: checking for ranlib
configure:5675: found /usr/bin/ranlib
configure:5686: result: ranlib
configure:5788: checking command to parse /usr/bin/nm -B output from gcc object
configure:5908: gcc -c -g -O2  conftest.c >&5
configure:5911: $? = 0
configure:5915: /usr/bin/nm -B conftest.o \| sed -n -e 's/^.*[ ]\([ABCDGIRSTW][ABCDGIRSTW]*\)[ ][ ]*\([_A-Za-z][_A-Za-z0-9]*\)$/\1 \2 \2/p' | sed '/ __gnu_lto/d' \> conftest.nm
configure:5918: $? = 0
configure:5984: gcc -o conftest -g -O2   conftest.c conftstm.o >&5
configure:5987: $? = 0
configure:6025: result: ok
configure:6062: checking for sysroot
configure:6092: result: no
configure:6169: gcc -c -g -O2  conftest.c >&5
configure:6172: $? = 0
configure:6361: checking for mt
configure:6377: found /usr/bin/mt
configure:6388: result: mt
configure:6411: checking if mt is a manifest tool
configure:6417: mt '-?'
configure:6425: result: no
configure:7067: checking how to run the C preprocessor
configure:7098: gcc -E  conftest.c
configure:7098: $? = 0
configure:7112: gcc -E  conftest.c
conftest.c:11:10: fatal error: ac_nonexistent.h: No such file or directory
   11 | #include <ac_nonexistent.h>
      |          ^~~~~~~~~~~~~~~~~~
compilation terminated.
configure:7112: $? = 1
configure: failed program was:
| /* confdefs.h */
| #define PACKAGE_NAME "Phidget21 C Library"
| #define PACKAGE_TARNAME "libphidget"
| #define PACKAGE_VERSION "2.1.8.20151217"
| #define PACKAGE_STRING "Phidget21 C Library 2.1.8.20151217"
| #define PACKAGE_BUGREPORT "support@phidgets.com"
| #define PACKAGE_URL "www.phidgets.com"
| #define PACKAGE "libphidget"
| #define VERSION "2.1.8.20151217"
| /* end confdefs.h.  */
| #include <ac_nonexistent.h>
configure:7137: result: gcc -E
configure:7157: gcc -E  conftest.c
configure:7157: $? = 0
configure:7171: gcc -E  conftest.c
conftest.c:11:10: fatal error: ac_nonexistent.h: No such file or directory
   11 | #include <ac_nonexistent.h>
      |          ^~~~~~~~~~~~~~~~~~
compilation terminated.
configure:7171: $? = 1
configure: failed program was:
| /* confdefs.h */
| #define PACKAGE_NAME "Phidget21 C Library"
| #define PACKAGE_TARNAME "libphidget"
| #define PACKAGE_VERSION "2.1.8.20151217"
| #define PACKAGE_STRING "Phidget21 C Library 2.1.8.20151217"
| #define PACKAGE_BUGREPORT "support@phidgets.com"
| #define PACKAGE_URL "www.phidgets.com"
| #define PACKAGE "libphidget"
| #define VERSION "2.1.8.20151217"
| /* end confdefs.h.  */
| #include <ac_nonexistent.h>
configure:7200: checking for ANSI C header files
configure:7220: gcc -c -g -O2  conftest.c >&5
configure:7220: $? = 0
configure:7293: gcc -o conftest -g -O2   conftest.c  >&5
configure:7293: $? = 0
configure:7293: ./conftest
configure:7293: $? = 0
configure:7304: result: yes
configure:7317: checking for sys/types.h
configure:7317: gcc -c -g -O2  conftest.c >&5
configure:7317: $? = 0
configure:7317: result: yes
configure:7317: checking for sys/stat.h
configure:7317: gcc -c -g -O2  conftest.c >&5
configure:7317: $? = 0
configure:7317: result: yes
configure:7317: checking for stdlib.h
configure:7317: gcc -c -g -O2  conftest.c >&5
configure:7317: $? = 0
configure:7317: result: yes
configure:7317: checking for string.h
configure:7317: gcc -c -g -O2  conftest.c >&5
configure:7317: $? = 0
configure:7317: result: yes
configure:7317: checking for memory.h
configure:7317: gcc -c -g -O2  conftest.c >&5
configure:7317: $? = 0
configure:7317: result: yes
configure:7317: checking for strings.h
configure:7317: gcc -c -g -O2  conftest.c >&5
configure:7317: $? = 0
configure:7317: result: yes
configure:7317: checking for inttypes.h
configure:7317: gcc -c -g -O2  conftest.c >&5
configure:7317: $? = 0
configure:7317: result: yes
configure:7317: checking for stdint.h
configure:7317: gcc -c -g -O2  conftest.c >&5
configure:7317: $? = 0
configure:7317: result: yes
configure:7317: checking for unistd.h
configure:7317: gcc -c -g -O2  conftest.c >&5
configure:7317: $? = 0
configure:7317: result: yes
configure:7331: checking for dlfcn.h
configure:7331: gcc -c -g -O2  conftest.c >&5
configure:7331: $? = 0
configure:7331: result: yes
configure:7537: checking for objdir
configure:7552: result: .libs
configure:7823: checking if gcc supports -fno-rtti -fno-exceptions
configure:7841: gcc -c -g -O2  -fno-rtti -fno-exceptions conftest.c >&5
cc1: warning: command line option '-fno-rtti' is valid for C++/D/ObjC++ but not for C
configure:7845: $? = 0
configure:7858: result: no
configure:8185: checking for gcc option to produce PIC
configure:8192: result: -fPIC -DPIC
configure:8200: checking if gcc PIC flag -fPIC -DPIC works
configure:8218: gcc -c -g -O2  -fPIC -DPIC -DPIC conftest.c >&5
configure:8222: $? = 0
configure:8235: result: yes
configure:8264: checking if gcc static flag -static works
configure:8292: result: yes
configure:8307: checking if gcc supports -c -o file.o
configure:8328: gcc -c -g -O2  -o out/conftest2.o conftest.c >&5
configure:8332: $? = 0
configure:8354: result: yes
configure:8362: checking if gcc supports -c -o file.o
configure:8409: result: yes
configure:8442: checking whether the gcc linker (/usr/bin/ld -m elf_x86_64) supports shared libraries
configure:9599: result: yes
configure:9636: checking whether -lc should be explicitly linked in
configure:9644: gcc -c -g -O2  conftest.c >&5
configure:9647: $? = 0
configure:9662: gcc -shared  -fPIC -DPIC conftest.o  -v -Wl,-soname -Wl,conftest -o conftest 2\>\&1 \| /usr/bin/grep  -lc  \>/dev/null 2\>\&1
configure:9665: $? = 0
configure:9679: result: no
configure:9839: checking dynamic linker characteristics
configure:10339: gcc -o conftest -g -O2   -Wl,-rpath -Wl,/foo conftest.c  >&5
configure:10339: $? = 0
configure:10573: result: GNU/Linux ld.so
configure:10680: checking how to hardcode library paths into programs
configure:10705: result: immediate
configure:11245: checking whether stripping libraries is possible
configure:11250: result: yes
configure:11285: checking if libtool supports shared libraries
configure:11287: result: yes
configure:11290: checking whether to build shared libraries
configure:11311: result: yes
configure:11314: checking whether to build static libraries
configure:11318: result: yes
configure:8372: checking whether make supports nested variables
configure:8389: result: yes
configure:8453: checking for gcc
configure:8480: result: gcc
configure:8709: checking for C compiler version
configure:8718: gcc --version >&5
gcc (Ubuntu 9.3.0-17ubuntu1~20.04) 9.3.0
Copyright (C) 2019 Free Software Foundation, Inc.
This is free software; see the source for copying conditions.  There is NO
warranty; not even for MERCHANTABILITY or FITNESS FOR A PARTICULAR PURPOSE.

configure:8729: $? = 0
configure:8718: gcc -v >&5
Using built-in specs.
COLLECT_GCC=gcc
COLLECT_LTO_WRAPPER=/usr/lib/gcc/x86_64-linux-gnu/9/lto-wrapper
OFFLOAD_TARGET_NAMES=nvptx-none:hsa
OFFLOAD_TARGET_DEFAULT=1
Target: x86_64-linux-gnu
Configured with: ../src/configure -v --with-pkgversion='Ubuntu 9.3.0-17ubuntu1~20.04' --with-bugurl=file:///usr/share/doc/gcc-9/README.Bugs --enable-languages=c,ada,c++,go,brig,d,fortran,objc,obj-c++,gm2 --prefix=/usr --with-gcc-major-version-only --program-suffix=-9 --program-prefix=x86_64-linux-gnu- --enable-shared --enable-linker-build-id --libexecdir=/usr/lib --without-included-gettext --enable-threads=posix --libdir=/usr/lib --enable-nls --enable-clocale=gnu --enable-libstdcxx-debug --enable-libstdcxx-time=yes --with-default-libstdcxx-abi=new --enable-gnu-unique-object --disable-vtable-verify --enable-plugin --enable-default-pie --with-system-zlib --with-target-system-zlib=auto --enable-objc-gc=auto --enable-multiarch --disable-werror --with-arch-32=i686 --with-abi=m64 --with-multilib-list=m32,m64,mx32 --enable-multilib --with-tune=generic --enable-offload-targets=nvptx-none=/build/gcc-9-HskZEa/gcc-9-9.3.0/debian/tmp-nvptx/usr,hsa --without-cuda-driver --enable-checking=release --build=x86_64-linux-gnu --host=x86_64-linux-gnu --target=x86_64-linux-gnu
Thread model: posix
gcc version 9.3.0 (Ubuntu 9.3.0-17ubuntu1~20.04) 
configure:8729: $? = 0
configure:8718: gcc -V >&5
gcc: error: unrecognized command line option '-V'
gcc: fatal error: no input files
compilation terminated.
configure:8729: $? = 1
configure:8718: gcc -qversion >&5
gcc: error: unrecognized command line option '-qversion'; did you mean '--version'?
gcc: fatal error: no input files
compilation terminated.
configure:8729: $? = 1
configure:8733: checking whether we are using the GNU C compiler
configure:8761: result: yes
configure:8770: checking whether gcc accepts -g
configure:8831: result: yes
configure:8848: checking for gcc option to accept ISO C89
configure:8924: result: none needed
configure:8949: checking whether gcc understands -c and -o together
configure:8986: result: yes
configure:9005: checking dependency style of gcc
configure:9116: result: gcc3
configure:9136: checking for ldconfig
configure:9154: found /sbin/ldconfig
configure:9167: result: /sbin/ldconfig
configure:9177: checking for library containing dlopen
configure:9208: gcc -o conftest -g -O2   conftest.c  >&5
/usr/bin/ld: /tmp/ccmJXn32.o: in function `main':
/home/mike/git_clone/pedometer/libphidget-2.1.8.20151217/conftest.c:34: undefined reference to `dlopen'
collect2: error: ld returned 1 exit status
configure:9208: $? = 1
configure: failed program was:
| /* confdefs.h */
| #define PACKAGE_NAME "Phidget21 C Library"
| #define PACKAGE_TARNAME "libphidget"
| #define PACKAGE_VERSION "2.1.8.20151217"
| #define PACKAGE_STRING "Phidget21 C Library 2.1.8.20151217"
| #define PACKAGE_BUGREPORT "support@phidgets.com"
| #define PACKAGE_URL "www.phidgets.com"
| #define PACKAGE "libphidget"
| #define VERSION "2.1.8.20151217"
| #define STDC_HEADERS 1
| #define HAVE_SYS_TYPES_H 1
| #define HAVE_SYS_STAT_H 1
| #define HAVE_STDLIB_H 1
| #define HAVE_STRING_H 1
| #define HAVE_MEMORY_H 1
| #define HAVE_STRINGS_H 1
| #define HAVE_INTTYPES_H 1
| #define HAVE_STDINT_H 1
| #define HAVE_UNISTD_H 1
| #define HAVE_DLFCN_H 1
| #define LT_OBJDIR ".libs/"
| /* end confdefs.h.  */
| 
| /* Override any GCC internal prototype to avoid an error.
|    Use char because int might match the return type of a GCC
|    builtin and then its argument prototype would still apply.  */
| #ifdef __cplusplus
| extern "C"
| #endif
| char dlopen ();
| int
| main ()
| {
| return dlopen ();
|   ;
|   return 0;
| }
configure:9208: gcc -o conftest -g -O2   conftest.c -ldl   >&5
configure:9208: $? = 0
configure:9225: result: -ldl
configure:9235: checking for library containing sqrt
configure:9266: gcc -o conftest -g -O2   conftest.c -ldl  >&5
conftest.c:30:6: warning: conflicting types for built-in function 'sqrt'; expected 'double(double)' [-Wbuiltin-declaration-mismatch]
   30 | char sqrt ();
      |      ^~~~
conftest.c:1:1: note: 'sqrt' is declared in header '<math.h>'
    1 | /* confdefs.h */
/usr/bin/ld: /tmp/ccXnfG1S.o: in function `main':
/home/mike/git_clone/pedometer/libphidget-2.1.8.20151217/conftest.c:34: undefined reference to `sqrt'
collect2: error: ld returned 1 exit status
configure:9266: $? = 1
configure: failed program was:
| /* confdefs.h */
| #define PACKAGE_NAME "Phidget21 C Library"
| #define PACKAGE_TARNAME "libphidget"
| #define PACKAGE_VERSION "2.1.8.20151217"
| #define PACKAGE_STRING "Phidget21 C Library 2.1.8.20151217"
| #define PACKAGE_BUGREPORT "support@phidgets.com"
| #define PACKAGE_URL "www.phidgets.com"
| #define PACKAGE "libphidget"
| #define VERSION "2.1.8.20151217"
| #define STDC_HEADERS 1
| #define HAVE_SYS_TYPES_H 1
| #define HAVE_SYS_STAT_H 1
| #define HAVE_STDLIB_H 1
| #define HAVE_STRING_H 1
| #define HAVE_MEMORY_H 1
| #define HAVE_STRINGS_H 1
| #define HAVE_INTTYPES_H 1
| #define HAVE_STDINT_H 1
| #define HAVE_UNISTD_H 1
| #define HAVE_DLFCN_H 1
| #define LT_OBJDIR ".libs/"
| /* end confdefs.h.  */
| 
| /* Override any GCC internal prototype to avoid an error.
|    Use char because int might match the return type of a GCC
|    builtin and then its argument prototype would still apply.  */
| #ifdef __cplusplus
| extern "C"
| #endif
| char sqrt ();
| int
| main ()
| {
| return sqrt ();
|   ;
|   return 0;
| }
configure:9266: gcc -o conftest -g -O2   conftest.c -lm  -ldl  >&5
conftest.c:30:6: warning: conflicting types for built-in function 'sqrt'; expected 'double(double)' [-Wbuiltin-declaration-mismatch]
   30 | char sqrt ();
      |      ^~~~
conftest.c:1:1: note: 'sqrt' is declared in header '<math.h>'
    1 | /* confdefs.h */
configure:9266: $? = 0
configure:9283: result: -lm
configure:9293: checking for library containing pthread_join
configure:9324: gcc -o conftest -g -O2   conftest.c -lm -ldl  >&5
/usr/bin/ld: /tmp/ccRPHBsY.o: in function `main':
/home/mike/git_clone/pedometer/libphidget-2.1.8.20151217/conftest.c:34: undefined reference to `pthread_join'
collect2: error: ld returned 1 exit status
configure:9324: $? = 1
configure: failed program was:
| /* confdefs.h */
| #define PACKAGE_NAME "Phidget21 C Library"
| #define PACKAGE_TARNAME "libphidget"
| #define PACKAGE_VERSION "2.1.8.20151217"
| #define PACKAGE_STRING "Phidget21 C Library 2.1.8.20151217"
| #define PACKAGE_BUGREPORT "support@phidgets.com"
| #define PACKAGE_URL "www.phidgets.com"
| #define PACKAGE "libphidget"
| #define VERSION "2.1.8.20151217"
| #define STDC_HEADERS 1
| #define HAVE_SYS_TYPES_H 1
| #define HAVE_SYS_STAT_H 1
| #define HAVE_STDLIB_H 1
| #define HAVE_STRING_H 1
| #define HAVE_MEMORY_H 1
| #define HAVE_STRINGS_H 1
| #define HAVE_INTTYPES_H 1
| #define HAVE_STDINT_H 1
| #define HAVE_UNISTD_H 1
| #define HAVE_DLFCN_H 1
| #define LT_OBJDIR ".libs/"
| /* end confdefs.h.  */
| 
| /* Override any GCC internal prototype to avoid an error.
|    Use char because int might match the return type of a GCC
|    builtin and then its argument prototype would still apply.  */
| #ifdef __cplusplus
| extern "C"
| #endif
| char pthread_join ();
| int
| main ()
| {
| return pthread_join ();
|   ;
|   return 0;
| }
configure:9324: gcc -o conftest -g -O2   conftest.c -lpthread  -lm -ldl  >&5
configure:9324: $? = 0
configure:9341: result: -lpthread
configure:9353: checking for library containing iconv
configure:9384: gcc -o conftest -g -O2   conftest.c -lpthread -lm -ldl  >&5
configure:9384: $? = 0
configure:9401: result: none required
configure:9600: checking for library containing libusb_init
configure:9631: gcc -o conftest -g -O2   conftest.c -lpthread -lm -ldl  >&5
/usr/bin/ld: /tmp/ccBT1V1z.o: in function `main':
/home/mike/git_clone/pedometer/libphidget-2.1.8.20151217/conftest.c:34: undefined reference to `libusb_init'
collect2: error: ld returned 1 exit status
configure:9631: $? = 1
configure: failed program was:
| /* confdefs.h */
| #define PACKAGE_NAME "Phidget21 C Library"
| #define PACKAGE_TARNAME "libphidget"
| #define PACKAGE_VERSION "2.1.8.20151217"
| #define PACKAGE_STRING "Phidget21 C Library 2.1.8.20151217"
| #define PACKAGE_BUGREPORT "support@phidgets.com"
| #define PACKAGE_URL "www.phidgets.com"
| #define PACKAGE "libphidget"
| #define VERSION "2.1.8.20151217"
| #define STDC_HEADERS 1
| #define HAVE_SYS_TYPES_H 1
| #define HAVE_SYS_STAT_H 1
| #define HAVE_STDLIB_H 1
| #define HAVE_STRING_H 1
| #define HAVE_MEMORY_H 1
| #define HAVE_STRINGS_H 1
| #define HAVE_INTTYPES_H 1
| #define HAVE_STDINT_H 1
| #define HAVE_UNISTD_H 1
| #define HAVE_DLFCN_H 1
| #define LT_OBJDIR ".libs/"
| /* end confdefs.h.  */
| 
| /* Override any GCC internal prototype to avoid an error.
|    Use char because int might match the return type of a GCC
|    builtin and then its argument prototype would still apply.  */
| #ifdef __cplusplus
| extern "C"
| #endif
| char libusb_init ();
| int
| main ()
| {
| return libusb_init ();
|   ;
|   return 0;
| }
configure:9631: gcc -o conftest -g -O2   conftest.c -lusb-1.0  -lpthread -lm -ldl  >&5
configure:9631: $? = 0
configure:9648: result: -lusb-1.0
configure:9952: checking that generated files are newer than configure
configure:9958: result: done
configure:10025: creating ./config.status

## ---------------------- ##
## Running config.status. ##
## ---------------------- ##

This file was extended by Phidget21 C Library config.status 2.1.8.20151217, which was
generated by GNU Autoconf 2.69.  Invocation command line was

  CONFIG_FILES    = 
  CONFIG_HEADERS  = 
  CONFIG_LINKS    = 
  CONFIG_COMMANDS = 
  $ ./config.status 

on mike-N501VW

config.status:1024: creating Makefile
config.status:1024: creating examples/Makefile
config.status:1024: creating libphidget21.pc
config.status:1196: executing depfiles commands
config.status:1273: cd .       && sed -e '/# am--include-marker/d' Makefile         | make -f - am--depfiles
make: Nothing to be done for 'am--depfiles'.
config.status:1278: $? = 0
config.status:1273: cd examples       && sed -e '/# am--include-marker/d' Makefile         | make -f - am--depfiles
make: Nothing to be done for 'am--depfiles'.
config.status:1278: $? = 0
config.status:1196: executing libtool commands

## ---------------- ##
## Cache variables. ##
## ---------------- ##

ac_cv_build=x86_64-unknown-linux-gnu
ac_cv_c_compiler_gnu=yes
ac_cv_env_CC_set=
ac_cv_env_CC_value=
ac_cv_env_CFLAGS_set=
ac_cv_env_CFLAGS_value=
ac_cv_env_CPPFLAGS_set=
ac_cv_env_CPPFLAGS_value=
ac_cv_env_CPP_set=
ac_cv_env_CPP_value=
ac_cv_env_LDCONFIG_set=
ac_cv_env_LDCONFIG_value=
ac_cv_env_LDFLAGS_set=
ac_cv_env_LDFLAGS_value=
ac_cv_env_LIBS_set=
ac_cv_env_LIBS_value=
ac_cv_env_build_alias_set=
ac_cv_env_build_alias_value=
ac_cv_env_host_alias_set=
ac_cv_env_host_alias_value=
ac_cv_env_target_alias_set=
ac_cv_env_target_alias_value=
ac_cv_header_dlfcn_h=yes
ac_cv_header_inttypes_h=yes
ac_cv_header_memory_h=yes
ac_cv_header_stdc=yes
ac_cv_header_stdint_h=yes
ac_cv_header_stdlib_h=yes
ac_cv_header_string_h=yes
ac_cv_header_strings_h=yes
ac_cv_header_sys_stat_h=yes
ac_cv_header_sys_types_h=yes
ac_cv_header_unistd_h=yes
ac_cv_host=x86_64-unknown-linux-gnu
ac_cv_objext=o
ac_cv_path_EGREP='/usr/bin/grep -E'
ac_cv_path_FGREP='/usr/bin/grep -F'
ac_cv_path_GREP=/usr/bin/grep
ac_cv_path_LDCONFIG=/sbin/ldconfig
ac_cv_path_SED=/usr/bin/sed
ac_cv_path_install='/usr/bin/install -c'
ac_cv_path_mkdir=/usr/bin/mkdir
ac_cv_prog_AWK=mawk
ac_cv_prog_CPP='gcc -E'
ac_cv_prog_ac_ct_AR=ar
ac_cv_prog_ac_ct_CC=gcc
ac_cv_prog_ac_ct_MANIFEST_TOOL=mt
ac_cv_prog_ac_ct_OBJDUMP=objdump
ac_cv_prog_ac_ct_RANLIB=ranlib
ac_cv_prog_ac_ct_STRIP=strip
ac_cv_prog_cc_c89=
ac_cv_prog_cc_g=yes
ac_cv_prog_make_make_set=yes
ac_cv_search_dlopen=-ldl
ac_cv_search_iconv='none required'
ac_cv_search_libusb_init=-lusb-1.0
ac_cv_search_pthread_join=-lpthread
ac_cv_search_sqrt=-lm
am_cv_CC_dependencies_compiler_type=gcc3
am_cv_make_support_nested_variables=yes
am_cv_prog_cc_c_o=yes
lt_cv_ar_at_file=@
lt_cv_archive_cmds_need_lc=no
lt_cv_deplibs_check_method=pass_all
lt_cv_file_magic_cmd='$MAGIC_CMD'
lt_cv_file_magic_test_file=
lt_cv_ld_reload_flag=-r
lt_cv_nm_interface='BSD nm'
lt_cv_objdir=.libs
lt_cv_path_LD=/usr/bin/ld
lt_cv_path_NM='/usr/bin/nm -B'
lt_cv_path_mainfest_tool=no
lt_cv_prog_compiler_c_o=yes
lt_cv_prog_compiler_pic='-fPIC -DPIC'
lt_cv_prog_compiler_pic_works=yes
lt_cv_prog_compiler_rtti_exceptions=no
lt_cv_prog_compiler_static_works=yes
lt_cv_prog_gnu_ld=yes
lt_cv_sharedlib_from_linklib_cmd='printf %s\n'
lt_cv_shlibpath_overrides_runpath=yes
lt_cv_sys_global_symbol_pipe='sed -n -e '\''s/^.*[	 ]\([ABCDGIRSTW][ABCDGIRSTW]*\)[	 ][	 ]*\([_A-Za-z][_A-Za-z0-9]*\)$/\1 \2 \2/p'\'' | sed '\''/ __gnu_lto/d'\'''
lt_cv_sys_global_symbol_to_c_name_address='sed -n -e '\''s/^: \([^ ]*\)[ ]*$/  {\"\1\", (void *) 0},/p'\'' -e '\''s/^[ABCDGIRSTW]* \([^ ]*\) \([^ ]*\)$/  {"\2", (void *) \&\2},/p'\'''
lt_cv_sys_global_symbol_to_c_name_address_lib_prefix='sed -n -e '\''s/^: \([^ ]*\)[ ]*$/  {\"\1\", (void *) 0},/p'\'' -e '\''s/^[ABCDGIRSTW]* \([^ ]*\) \(lib[^ ]*\)$/  {"\2", (void *) \&\2},/p'\'' -e '\''s/^[ABCDGIRSTW]* \([^ ]*\) \([^ ]*\)$/  {"lib\2", (void *) \&\2},/p'\'''
lt_cv_sys_global_symbol_to_cdecl='sed -n -e '\''s/^T .* \(.*\)$/extern int \1();/p'\'' -e '\''s/^[ABCDGIRSTW]* .* \(.*\)$/extern char \1;/p'\'''
lt_cv_sys_max_cmd_len=1572864
lt_cv_to_host_file_cmd=func_convert_file_noop
lt_cv_to_tool_file_cmd=func_convert_file_noop

## ----------------- ##
## Output variables. ##
## ----------------- ##

ACLOCAL='${SHELL} /home/mike/git_clone/pedometer/libphidget-2.1.8.20151217/missing aclocal-1.16'
AMDEPBACKSLASH='\'
AMDEP_FALSE='#'
AMDEP_TRUE=''
AMTAR='$${TAR-tar}'
AM_BACKSLASH='\'
AM_DEFAULT_V='$(AM_DEFAULT_VERBOSITY)'
AM_DEFAULT_VERBOSITY='0'
AM_V='$(V)'
AR='ar'
AUTOCONF='${SHELL} /home/mike/git_clone/pedometer/libphidget-2.1.8.20151217/missing autoconf'
AUTOHEADER='${SHELL} /home/mike/git_clone/pedometer/libphidget-2.1.8.20151217/missing autoheader'
AUTOMAKE='${SHELL} /home/mike/git_clone/pedometer/libphidget-2.1.8.20151217/missing automake-1.16'
AWK='mawk'
CC='gcc'
CCDEPMODE='depmode=gcc3'
CFLAGS='-g -O2'
CPP='gcc -E'
CPPFLAGS=''
CYGPATH_W='echo'
DEBUG_FALSE=''
DEBUG_TRUE='#'
DEFS='-DPACKAGE_NAME=\"Phidget21\ C\ Library\" -DPACKAGE_TARNAME=\"libphidget\" -DPACKAGE_VERSION=\"2.1.8.20151217\" -DPACKAGE_STRING=\"Phidget21\ C\ Library\ 2.1.8.20151217\" -DPACKAGE_BUGREPORT=\"support@phidgets.com\" -DPACKAGE_URL=\"www.phidgets.com\" -DPACKAGE=\"libphidget\" -DVERSION=\"2.1.8.20151217\" -DSTDC_HEADERS=1 -DHAVE_SYS_TYPES_H=1 -DHAVE_SYS_STAT_H=1 -DHAVE_STDLIB_H=1 -DHAVE_STRING_H=1 -DHAVE_MEMORY_H=1 -DHAVE_STRINGS_H=1 -DHAVE_INTTYPES_H=1 -DHAVE_STDINT_H=1 -DHAVE_UNISTD_H=1 -DHAVE_DLFCN_H=1 -DLT_OBJDIR=\".libs/\"'
DEPDIR='.deps'
DLLTOOL='false'
DSYMUTIL=''
DUMPBIN=''
ECHO_C=''
ECHO_N='-n'
ECHO_T=''
EGREP='/usr/bin/grep -E'
EXEEXT=''
FGREP='/usr/bin/grep -F'
GREP='/usr/bin/grep'
INSTALL_DATA='${INSTALL} -m 644'
INSTALL_PROGRAM='${INSTALL}'
INSTALL_SCRIPT='${INSTALL}'
INSTALL_STRIP_PROGRAM='$(install_sh) -c -s'
INTERNAL_UNICONV_FALSE=''
INTERNAL_UNICONV_TRUE='#'
JNI_FALSE='#'
JNI_TRUE=''
LABVIEW_FALSE=''
LABVIEW_TRUE='#'
LD='/usr/bin/ld -m elf_x86_64'
LDCONFIG='/sbin/ldconfig'
LDFLAGS=''
LIBOBJS=''
LIBS='-lusb-1.0 -lpthread -lm -ldl '
LIBTOOL='$(SHELL) $(top_builddir)/libtool'
LIPO=''
LN_S='ln -s'
LTLIBOBJS=''
MAKEINFO='${SHELL} /home/mike/git_clone/pedometer/libphidget-2.1.8.20151217/missing makeinfo'
MANIFEST_TOOL=':'
MKDIR_P='/usr/bin/mkdir -p'
NEW_LIBUSB_FALSE='#'
NEW_LIBUSB_TRUE=''
NM='/usr/bin/nm -B'
NMEDIT=''
OBJDUMP='objdump'
OBJEXT='o'
OTOOL64=''
OTOOL=''
PACKAGE='libphidget'
PACKAGE_BUGREPORT='support@phidgets.com'
PACKAGE_NAME='Phidget21 C Library'
PACKAGE_STRING='Phidget21 C Library 2.1.8.20151217'
PACKAGE_TARNAME='libphidget'
PACKAGE_URL='www.phidgets.com'
PACKAGE_VERSION='2.1.8.20151217'
PATH_SEPARATOR=':'
RANLIB='ranlib'
RUN_LDCONFIG_FALSE='#'
RUN_LDCONFIG_TRUE=''
SED='/usr/bin/sed'
SET_MAKE=''
SHELL='/bin/bash'
STRIP='strip'
VERSION='2.1.8.20151217'
ZEROCONF_AVAHI_FALSE='#'
ZEROCONF_AVAHI_TRUE=''
ZEROCONF_BONJOUR_FALSE=''
ZEROCONF_BONJOUR_TRUE='#'
ZEROCONF_FALSE='#'
ZEROCONF_LOOKUP_FALSE=''
ZEROCONF_LOOKUP_TRUE='#'
ZEROCONF_TRUE=''
ac_ct_AR='ar'
ac_ct_CC='gcc'
ac_ct_DUMPBIN=''
am__EXEEXT_FALSE=''
am__EXEEXT_TRUE='#'
am__fastdepCC_FALSE='#'
am__fastdepCC_TRUE=''
am__include='include'
am__isrc=''
am__leading_dot='.'
am__nodep='_no'
am__quote=''
am__tar='$${TAR-tar} chof - "$$tardir"'
am__untar='$${TAR-tar} xf -'
bindir='${exec_prefix}/bin'
build='x86_64-unknown-linux-gnu'
build_alias=''
build_cpu='x86_64'
build_os='linux-gnu'
build_vendor='unknown'
datadir='${datarootdir}'
datarootdir='${prefix}/share'
docdir='${datarootdir}/doc/${PACKAGE_TARNAME}'
dvidir='${docdir}'
exec_prefix='${prefix}'
host='x86_64-unknown-linux-gnu'
host_alias=''
host_cpu='x86_64'
host_os='linux-gnu'
host_vendor='unknown'
htmldir='${docdir}'
includedir='${prefix}/include'
infodir='${datarootdir}/info'
install_sh='${SHELL} /home/mike/git_clone/pedometer/libphidget-2.1.8.20151217/install-sh'
libdir='${exec_prefix}/lib'
libexecdir='${exec_prefix}/libexec'
localedir='${datarootdir}/locale'
localstatedir='${prefix}/var'
mandir='${datarootdir}/man'
mkdir_p='$(MKDIR_P)'
oldincludedir='/usr/include'
pdfdir='${docdir}'
prefix='/usr'
program_transform_name='s,x,x,'
psdir='${docdir}'
runstatedir='${localstatedir}/run'
sbindir='${exec_prefix}/sbin'
sharedstatedir='${prefix}/com'
sysconfdir='${prefix}/etc'
target_alias=''

## ----------- ##
## confdefs.h. ##
## ----------- ##

/* confdefs.h */
#define PACKAGE_NAME "Phidget21 C Library"
#define PACKAGE_TARNAME "libphidget"
#define PACKAGE_VERSION "2.1.8.20151217"
#define PACKAGE_STRING "Phidget21 C Library 2.1.8.20151217"
#define PACKAGE_BUGREPORT "support@phidgets.com"
#define PACKAGE_URL "www.phidgets.com"
#define PACKAGE "libphidget"
#define VERSION "2.1.8.20151217"
#define STDC_HEADERS 1
#define HAVE_SYS_TYPES_H 1
#define HAVE_SYS_STAT_H 1
#define HAVE_STDLIB_H 1
#define HAVE_STRING_H 1
#define HAVE_MEMORY_H 1
#define HAVE_STRINGS_H 1
#define HAVE_INTTYPES_H 1
#define HAVE_STDINT_H 1
#define HAVE_UNISTD_H 1
#define HAVE_DLFCN_H 1
#define LT_OBJDIR ".libs/"

configure: exit 0
